<?xml version="1.0" encoding="UTF-8"?>
<testng-results ignored="0" total="1" passed="1" failed="0" skipped="0">
  <reporter-output>
    <line>
      <![CDATA[Waiting for the element to be clickable---> [[ChromeDriver: chrome on WINDOWS (3679bd3db6470fbe33295f779c50c3e2)] -> xpath: (//span[text()='Auto'])[1] | //p[@class='txt' and normalize-space(text())='Auto']]<br>]]>
    </line>
    <line>
      <![CDATA[[[ChromeDriver: chrome on WINDOWS (3679bd3db6470fbe33295f779c50c3e2)] -> xpath: (//span[text()='Auto'])[1] | //p[@class='txt' and normalize-space(text())='Auto']] : This element has been clicked<br>]]>
    </line>
    <line>
      <![CDATA[[[ChromeDriver: chrome on WINDOWS (3679bd3db6470fbe33295f779c50c3e2)] -> id: quote-title] :has value --->AUTO<br>]]>
    </line>
    <line>
      <![CDATA[Current URL is: https://www.progressive.com/#l<br>]]>
    </line>
    <line>
      <![CDATA[11377 : This value has beed passed into--->[[ChromeDriver: chrome on WINDOWS (3679bd3db6470fbe33295f779c50c3e2)] -> xpath: //input[@id='zipCode_overlay']]<br>]]>
    </line>
    <line>
      <![CDATA[Waiting for the element to be clickable---> [[ChromeDriver: chrome on WINDOWS (3679bd3db6470fbe33295f779c50c3e2)] -> xpath: (//button[@data-action='AU+H'])[1]]<br>]]>
    </line>
    <line>
      <![CDATA[[[ChromeDriver: chrome on WINDOWS (3679bd3db6470fbe33295f779c50c3e2)] -> xpath: (//button[@data-action='AU+H'])[1]] : This element has been clicked<br>]]>
    </line>
    <line>
      <![CDATA[Waiting for the element to be clickable---> [[ChromeDriver: chrome on WINDOWS (3679bd3db6470fbe33295f779c50c3e2)] -> xpath: //input[@id='qsButton_overlay']]<br>]]>
    </line>
    <line>
      <![CDATA[[[ChromeDriver: chrome on WINDOWS (3679bd3db6470fbe33295f779c50c3e2)] -> xpath: //input[@id='qsButton_overlay']] : This element has been clicked<br>]]>
    </line>
    <line>
      <![CDATA[Alex : This value has beed passed into--->[[ChromeDriver: chrome on WINDOWS (3679bd3db6470fbe33295f779c50c3e2)] -> id: NameAndAddressEdit_embedded_questions_list_FirstName]<br>]]>
    </line>
    <line>
      <![CDATA[D : This value has beed passed into--->[[ChromeDriver: chrome on WINDOWS (3679bd3db6470fbe33295f779c50c3e2)] -> id: NameAndAddressEdit_embedded_questions_list_MiddleInitial]<br>]]>
    </line>
    <line>
      <![CDATA[Rodriguez : This value has beed passed into--->[[ChromeDriver: chrome on WINDOWS (3679bd3db6470fbe33295f779c50c3e2)] -> id: NameAndAddressEdit_embedded_questions_list_LastName]<br>]]>
    </line>
    <line>
      <![CDATA[01/05/1984 : This value has beed passed into--->[[ChromeDriver: chrome on WINDOWS (3679bd3db6470fbe33295f779c50c3e2)] -> id: NameAndAddressEdit_embedded_questions_list_DateOfBirth]<br>]]>
    </line>
    <line>
      <![CDATA[1943 Ellis avenue : This value has beed passed into--->[[ChromeDriver: chrome on WINDOWS (3679bd3db6470fbe33295f779c50c3e2)] -> id: NameAndAddressEdit_embedded_questions_list_MailingAddress]<br>]]>
    </line>
    <line>
      <![CDATA[3B : This value has beed passed into--->[[ChromeDriver: chrome on WINDOWS (3679bd3db6470fbe33295f779c50c3e2)] -> id: NameAndAddressEdit_embedded_questions_list_ApartmentUnit]<br>]]>
    </line>
    <line>
      <![CDATA[Bronx : This value has beed passed into--->[[ChromeDriver: chrome on WINDOWS (3679bd3db6470fbe33295f779c50c3e2)] -> id: NameAndAddressEdit_embedded_questions_list_City]<br>]]>
    </line>
    <line>
      <![CDATA[Value has been cleared from this element ---> [[ChromeDriver: chrome on WINDOWS (3679bd3db6470fbe33295f779c50c3e2)] -> id: NameAndAddressEdit_embedded_questions_list_ZipCode]<br>]]>
    </line>
    <line>
      <![CDATA[10472 : This value has beed passed into--->[[ChromeDriver: chrome on WINDOWS (3679bd3db6470fbe33295f779c50c3e2)] -> id: NameAndAddressEdit_embedded_questions_list_ZipCode]<br>]]>
    </line>
    <line>
      <![CDATA[Waiting for the element to be clickable---> [[ChromeDriver: chrome on WINDOWS (3679bd3db6470fbe33295f779c50c3e2)] -> xpath: //button[text()='Okay, start my quote.']]<br>]]>
    </line>
    <line>
      <![CDATA[[[ChromeDriver: chrome on WINDOWS (3679bd3db6470fbe33295f779c50c3e2)] -> xpath: //button[text()='Okay, start my quote.']] : This element has been clicked<br>]]>
    </line>
    <line>
      <![CDATA[1943 Ellis avenue : This value has beed passed into--->[[ChromeDriver: chrome on WINDOWS (3679bd3db6470fbe33295f779c50c3e2)] -> id: NameAndAddressEdit_embedded_questions_list_MailingAddress]<br>]]>
    </line>
    <line>
      <![CDATA[3B : This value has beed passed into--->[[ChromeDriver: chrome on WINDOWS (3679bd3db6470fbe33295f779c50c3e2)] -> id: NameAndAddressEdit_embedded_questions_list_ApartmentUnit]<br>]]>
    </line>
    <line>
      <![CDATA[Bronx : This value has beed passed into--->[[ChromeDriver: chrome on WINDOWS (3679bd3db6470fbe33295f779c50c3e2)] -> id: NameAndAddressEdit_embedded_questions_list_City]<br>]]>
    </line>
    <line>
      <![CDATA[Waiting for the element to be clickable---> [[ChromeDriver: chrome on WINDOWS (3679bd3db6470fbe33295f779c50c3e2)] -> xpath: //button[text()='Okay, start my quote.']]<br>]]>
    </line>
    <line>
      <![CDATA[Proxy element for: DefaultElementLocator 'By.xpath: //button[text()='Okay, start my quote.']' : This element has been clicked<br>]]>
    </line>
  </reporter-output>
  <suite started-at="2022-08-02T09:53:56 EDT" name="RegressionSuite" finished-at="2022-08-02T09:54:30 EDT" duration-ms="33621">
    <groups>
    </groups>
    <test started-at="2022-08-02T09:53:56 EDT" name="Test" finished-at="2022-08-02T09:54:30 EDT" duration-ms="33621">
      <class name="com.progressive.test.auto.Autoclass">
        <test-method is-config="true" signature="setUp(java.lang.String)[pri:0, instance:com.progressive.test.auto.Autoclass@10163d6]" started-at="2022-08-02T09:53:56 EDT" name="setUp" finished-at="2022-08-02T09:54:02 EDT" duration-ms="5805" status="PASS">
          <params>
            <param index="0">
              <value>
                <![CDATA[chrome]]>
              </value>
            </param>
          </params>
          <reporter-output>
          </reporter-output>
        </test-method> <!-- setUp -->
        <test-method signature="getAutoQuote()[pri:0, instance:com.progressive.test.auto.Autoclass@10163d6]" started-at="2022-08-02T09:54:02 EDT" name="getAutoQuote" finished-at="2022-08-02T09:54:30 EDT" duration-ms="27768" status="PASS">
          <reporter-output>
            <line>
              <![CDATA[Waiting for the element to be clickable---> [[ChromeDriver: chrome on WINDOWS (3679bd3db6470fbe33295f779c50c3e2)] -> xpath: (//span[text()='Auto'])[1] | //p[@class='txt' and normalize-space(text())='Auto']]<br>]]>
            </line>
            <line>
              <![CDATA[[[ChromeDriver: chrome on WINDOWS (3679bd3db6470fbe33295f779c50c3e2)] -> xpath: (//span[text()='Auto'])[1] | //p[@class='txt' and normalize-space(text())='Auto']] : This element has been clicked<br>]]>
            </line>
            <line>
              <![CDATA[[[ChromeDriver: chrome on WINDOWS (3679bd3db6470fbe33295f779c50c3e2)] -> id: quote-title] :has value --->AUTO<br>]]>
            </line>
            <line>
              <![CDATA[Current URL is: https://www.progressive.com/#l<br>]]>
            </line>
            <line>
              <![CDATA[11377 : This value has beed passed into--->[[ChromeDriver: chrome on WINDOWS (3679bd3db6470fbe33295f779c50c3e2)] -> xpath: //input[@id='zipCode_overlay']]<br>]]>
            </line>
            <line>
              <![CDATA[Waiting for the element to be clickable---> [[ChromeDriver: chrome on WINDOWS (3679bd3db6470fbe33295f779c50c3e2)] -> xpath: (//button[@data-action='AU+H'])[1]]<br>]]>
            </line>
            <line>
              <![CDATA[[[ChromeDriver: chrome on WINDOWS (3679bd3db6470fbe33295f779c50c3e2)] -> xpath: (//button[@data-action='AU+H'])[1]] : This element has been clicked<br>]]>
            </line>
            <line>
              <![CDATA[Waiting for the element to be clickable---> [[ChromeDriver: chrome on WINDOWS (3679bd3db6470fbe33295f779c50c3e2)] -> xpath: //input[@id='qsButton_overlay']]<br>]]>
            </line>
            <line>
              <![CDATA[[[ChromeDriver: chrome on WINDOWS (3679bd3db6470fbe33295f779c50c3e2)] -> xpath: //input[@id='qsButton_overlay']] : This element has been clicked<br>]]>
            </line>
            <line>
              <![CDATA[Alex : This value has beed passed into--->[[ChromeDriver: chrome on WINDOWS (3679bd3db6470fbe33295f779c50c3e2)] -> id: NameAndAddressEdit_embedded_questions_list_FirstName]<br>]]>
            </line>
            <line>
              <![CDATA[D : This value has beed passed into--->[[ChromeDriver: chrome on WINDOWS (3679bd3db6470fbe33295f779c50c3e2)] -> id: NameAndAddressEdit_embedded_questions_list_MiddleInitial]<br>]]>
            </line>
            <line>
              <![CDATA[Rodriguez : This value has beed passed into--->[[ChromeDriver: chrome on WINDOWS (3679bd3db6470fbe33295f779c50c3e2)] -> id: NameAndAddressEdit_embedded_questions_list_LastName]<br>]]>
            </line>
            <line>
              <![CDATA[01/05/1984 : This value has beed passed into--->[[ChromeDriver: chrome on WINDOWS (3679bd3db6470fbe33295f779c50c3e2)] -> id: NameAndAddressEdit_embedded_questions_list_DateOfBirth]<br>]]>
            </line>
            <line>
              <![CDATA[1943 Ellis avenue : This value has beed passed into--->[[ChromeDriver: chrome on WINDOWS (3679bd3db6470fbe33295f779c50c3e2)] -> id: NameAndAddressEdit_embedded_questions_list_MailingAddress]<br>]]>
            </line>
            <line>
              <![CDATA[3B : This value has beed passed into--->[[ChromeDriver: chrome on WINDOWS (3679bd3db6470fbe33295f779c50c3e2)] -> id: NameAndAddressEdit_embedded_questions_list_ApartmentUnit]<br>]]>
            </line>
            <line>
              <![CDATA[Bronx : This value has beed passed into--->[[ChromeDriver: chrome on WINDOWS (3679bd3db6470fbe33295f779c50c3e2)] -> id: NameAndAddressEdit_embedded_questions_list_City]<br>]]>
            </line>
            <line>
              <![CDATA[Value has been cleared from this element ---> [[ChromeDriver: chrome on WINDOWS (3679bd3db6470fbe33295f779c50c3e2)] -> id: NameAndAddressEdit_embedded_questions_list_ZipCode]<br>]]>
            </line>
            <line>
              <![CDATA[10472 : This value has beed passed into--->[[ChromeDriver: chrome on WINDOWS (3679bd3db6470fbe33295f779c50c3e2)] -> id: NameAndAddressEdit_embedded_questions_list_ZipCode]<br>]]>
            </line>
            <line>
              <![CDATA[Waiting for the element to be clickable---> [[ChromeDriver: chrome on WINDOWS (3679bd3db6470fbe33295f779c50c3e2)] -> xpath: //button[text()='Okay, start my quote.']]<br>]]>
            </line>
            <line>
              <![CDATA[[[ChromeDriver: chrome on WINDOWS (3679bd3db6470fbe33295f779c50c3e2)] -> xpath: //button[text()='Okay, start my quote.']] : This element has been clicked<br>]]>
            </line>
            <line>
              <![CDATA[1943 Ellis avenue : This value has beed passed into--->[[ChromeDriver: chrome on WINDOWS (3679bd3db6470fbe33295f779c50c3e2)] -> id: NameAndAddressEdit_embedded_questions_list_MailingAddress]<br>]]>
            </line>
            <line>
              <![CDATA[3B : This value has beed passed into--->[[ChromeDriver: chrome on WINDOWS (3679bd3db6470fbe33295f779c50c3e2)] -> id: NameAndAddressEdit_embedded_questions_list_ApartmentUnit]<br>]]>
            </line>
            <line>
              <![CDATA[Bronx : This value has beed passed into--->[[ChromeDriver: chrome on WINDOWS (3679bd3db6470fbe33295f779c50c3e2)] -> id: NameAndAddressEdit_embedded_questions_list_City]<br>]]>
            </line>
            <line>
              <![CDATA[Waiting for the element to be clickable---> [[ChromeDriver: chrome on WINDOWS (3679bd3db6470fbe33295f779c50c3e2)] -> xpath: //button[text()='Okay, start my quote.']]<br>]]>
            </line>
            <line>
              <![CDATA[Proxy element for: DefaultElementLocator 'By.xpath: //button[text()='Okay, start my quote.']' : This element has been clicked<br>]]>
            </line>
          </reporter-output>
        </test-method> <!-- getAutoQuote -->
        <test-method is-config="true" signature="terminate()[pri:0, instance:com.progressive.test.auto.Autoclass@10163d6]" started-at="2022-08-02T09:54:30 EDT" name="terminate" finished-at="2022-08-02T09:54:30 EDT" duration-ms="0" status="PASS">
          <reporter-output>
          </reporter-output>
        </test-method> <!-- terminate -->
      </class> <!-- com.progressive.test.auto.Autoclass -->
    </test> <!-- Test -->
  </suite> <!-- RegressionSuite -->
</testng-results>
